Using pre-set license
Built from '2020.3/staging' branch; Version is '2020.3.20f1 (41c4e627c95f) revision 4310246'; Using compiler version '192528614'; Build Type 'Release'
OS: 'Windows 10 Home Single Language; OS build 19044.2251; Version 2009; 64bit' Language: 'pt' Physical Memory: 6027 MB
BatchMode: 1, IsHumanControllingUs: 0, StartBugReporterOnCrash: 0, Is64bit: 1, IsPro: 0

COMMAND LINE ARGUMENTS:
C:\Program Files\Unity 2020.3.20f1\Editor\Unity.exe
-adb2
-batchMode
-noUpm
-name
AssetImportWorker0
-projectPath
C:/Users/Christina/Documents/GitHub/avaliacao-shaders/SHADER FINAL Il
-logFile
Logs/AssetImportWorker0.log
-srvPort
62655
Successfully changed project path to: C:/Users/Christina/Documents/GitHub/avaliacao-shaders/SHADER FINAL Il
C:/Users/Christina/Documents/GitHub/avaliacao-shaders/SHADER FINAL Il
Using Asset Import Pipeline V2.
Refreshing native plugins compatible for Editor in 79.22 ms, found 2 plugins.
Preloading 0 native plugins for Editor in 0.00 ms.
Initialize engine version: 2020.3.20f1 (41c4e627c95f)
[Subsystems] Discovering subsystems at path C:/Program Files/Unity 2020.3.20f1/Editor/Data/Resources/UnitySubsystems
[Subsystems] Discovering subsystems at path C:/Users/Christina/Documents/GitHub/avaliacao-shaders/SHADER FINAL Il/Assets
GfxDevice: creating device client; threaded=0
Direct3D:
    Version:  Direct3D 11.0 [level 11.0]
    Renderer: NVIDIA GeForce GT 720M (ID=0x1140)
    Vendor:   
    VRAM:     1990 MB
    Driver:   23.21.13.9135
Initialize mono
Mono path[0] = 'C:/Program Files/Unity 2020.3.20f1/Editor/Data/Managed'
Mono path[1] = 'C:/Program Files/Unity 2020.3.20f1/Editor/Data/MonoBleedingEdge/lib/mono/unityjit'
Mono config path = 'C:/Program Files/Unity 2020.3.20f1/Editor/Data/MonoBleedingEdge/etc'
Using monoOptions --debugger-agent=transport=dt_socket,embedding=1,server=y,suspend=n,address=127.0.0.1:56916
Begin MonoManager ReloadAssembly
Registering precompiled unity dll's ...
Register platform support module: C:/Program Files/Unity 2020.3.20f1/Editor/Data/PlaybackEngines/WindowsStandaloneSupport/UnityEditor.WindowsStandalone.Extensions.dll
Registered in 0.005981 seconds.
Native extension for WindowsStandalone target not found
Refreshing native plugins compatible for Editor in 89.98 ms, found 2 plugins.
Preloading 0 native plugins for Editor in 0.00 ms.
Mono: successfully reloaded assembly
- Completed reload, in  2.018 seconds
Domain Reload Profiling:
	ReloadAssembly (2019ms)
		BeginReloadAssembly (118ms)
			ExecutionOrderSort (0ms)
			DisableScriptedObjects (0ms)
			BackupInstance (0ms)
			ReleaseScriptingObjects (0ms)
			CreateAndSetChildDomain (1ms)
		EndReloadAssembly (717ms)
			LoadAssemblies (113ms)
			RebuildTransferFunctionScriptingTraits (0ms)
			SetupTypeCache (252ms)
			ReleaseScriptCaches (0ms)
			RebuildScriptCaches (54ms)
			SetupLoadedEditorAssemblies (288ms)
				LogAssemblyErrors (0ms)
				InitializePlatformSupportModulesInManaged (10ms)
				SetLoadedEditorAssemblies (1ms)
				RefreshPlugins (90ms)
				BeforeProcessingInitializeOnLoad (13ms)
				ProcessInitializeOnLoadAttributes (130ms)
				ProcessInitializeOnLoadMethodAttributes (44ms)
				AfterProcessingInitializeOnLoad (0ms)
				EditorAssembliesLoaded (0ms)
			ExecutionOrderSort2 (0ms)
			AwakeInstancesAfterBackupRestoration (0ms)
Platform modules already initialized, skipping
Registering precompiled user dll's ...
Registered in 0.010016 seconds.
Begin MonoManager ReloadAssembly
Native extension for WindowsStandalone target not found
Refreshing native plugins compatible for Editor in 79.64 ms, found 2 plugins.
Preloading 0 native plugins for Editor in 0.00 ms.
Mono: successfully reloaded assembly
- Completed reload, in  2.077 seconds
Domain Reload Profiling:
	ReloadAssembly (2079ms)
		BeginReloadAssembly (262ms)
			ExecutionOrderSort (0ms)
			DisableScriptedObjects (8ms)
			BackupInstance (0ms)
			ReleaseScriptingObjects (0ms)
			CreateAndSetChildDomain (32ms)
		EndReloadAssembly (1699ms)
			LoadAssemblies (179ms)
			RebuildTransferFunctionScriptingTraits (0ms)
			SetupTypeCache (517ms)
			ReleaseScriptCaches (1ms)
			RebuildScriptCaches (83ms)
			SetupLoadedEditorAssemblies (678ms)
				LogAssemblyErrors (0ms)
				InitializePlatformSupportModulesInManaged (7ms)
				SetLoadedEditorAssemblies (0ms)
				RefreshPlugins (80ms)
				BeforeProcessingInitializeOnLoad (137ms)
				ProcessInitializeOnLoadAttributes (422ms)
				ProcessInitializeOnLoadMethodAttributes (8ms)
				AfterProcessingInitializeOnLoad (22ms)
				EditorAssembliesLoaded (0ms)
			ExecutionOrderSort2 (0ms)
			AwakeInstancesAfterBackupRestoration (11ms)
Platform modules already initialized, skipping
========================================================================
Worker process is ready to serve import requests
Launched and connected shader compiler UnityShaderCompiler.exe after 0.08 seconds
Refreshing native plugins compatible for Editor in 1.28 ms, found 2 plugins.
Preloading 0 native plugins for Editor in 0.00 ms.
Unloading 2712 Unused Serialized files (Serialized files now loaded: 0)
System memory in use before: 125.0 MB.
System memory in use after: 125.2 MB.

Unloading 17 unused Assets to reduce memory usage. Loaded Objects now: 3149.
Total: 6.577900 ms (FindLiveObjects: 0.460800 ms CreateObjectMapping: 0.337600 ms MarkObjects: 5.641100 ms  DeleteObjects: 0.135700 ms)

AssetImportParameters requested are different than current active one (requested -> active):
  custom:framework-win-MediaFoundation: 216162199b28c13a410421893ffa2e32 -> 
  custom:video-decoder-ogg-theora: a1e56fd34408186e4bbccfd4996cb3dc -> 
  custom:container-muxer-webm: aa71ff27fc2769a1b78a27578f13a17b -> 
  custom:container-demuxer-webm: 4f35f7cbe854078d1ac9338744f61a02 -> 
  custom:container-demuxer-ogg: 62fdf1f143b41e24485cea50d1cbac27 -> 
  custom:video-encoder-webm-vp8: eb34c28f22e8b96e1ab97ce403110664 -> 
  custom:video-codec-MediaFoundation-h265: 746d11721c4dcdbdad8f713fa42b33f4 -> 
  custom:video-decoder-webm-vp8: 9c59270c3fd7afecdb556c50c9e8de78 -> 
  custom:audio-decoder-ogg-vorbis: bf7c407c2cedff20999df2af8eb42d56 -> 
  custom:audio-encoder-webm-vorbis: bf7c407c2cedff20999df2af8eb42d56 -> 
========================================================================
Received Import Request.
  path: Assets/Materials 1/Tree.mat
  artifactKey: Guid(1237d806b934c114e8085c40f952ccb3) Importer(815301076,1909f56bfc062723c751e8b465ee728b)
Start importing Assets/Materials 1/Tree.mat using Guid(1237d806b934c114e8085c40f952ccb3) Importer(815301076,1909f56bfc062723c751e8b465ee728b)  -> (artifact id: 'b4680827c2827047d7fbe9e45b65a4f6') in 0.926493 seconds 
  Import took 0.982095 seconds .

========================================================================
Received Import Request.
  Time since last request: 0.000358 seconds.
  path: Assets/Materials 1/LitNormal.mat
  artifactKey: Guid(595a04aee9eb50c4084db225c567402d) Importer(815301076,1909f56bfc062723c751e8b465ee728b)
Start importing Assets/Materials 1/LitNormal.mat using Guid(595a04aee9eb50c4084db225c567402d) Importer(815301076,1909f56bfc062723c751e8b465ee728b)  -> (artifact id: '74aff9484dcdbfc8f09cc729dadb10ab') in 0.144806 seconds 
  Import took 0.168065 seconds .

========================================================================
Received Import Request.
  Time since last request: 0.000377 seconds.
  path: Assets/SimpleNaturePack/SimpleNaturePack_HDRP_2018.4_v1.22.unitypackage
  artifactKey: Guid(3b4dc5f685f8edc4bbba6fb0c8ea39ba) Importer(815301076,1909f56bfc062723c751e8b465ee728b)
Start importing Assets/SimpleNaturePack/SimpleNaturePack_HDRP_2018.4_v1.22.unitypackage using Guid(3b4dc5f685f8edc4bbba6fb0c8ea39ba) Importer(815301076,1909f56bfc062723c751e8b465ee728b)  -> (artifact id: '78b342fd704e5f49776edbb8027f5fee') in 0.037083 seconds 
  Import took 0.066723 seconds .

========================================================================
Received Import Request.
  Time since last request: 0.000309 seconds.
  path: Assets/Materials 1/Skybox_Mat.mat
  artifactKey: Guid(b2c106d8e3678a145bac00a0c66adf91) Importer(815301076,1909f56bfc062723c751e8b465ee728b)
Start importing Assets/Materials 1/Skybox_Mat.mat using Guid(b2c106d8e3678a145bac00a0c66adf91) Importer(815301076,1909f56bfc062723c751e8b465ee728b)  -> (artifact id: '324fafa8526c3c060c1d719afdcbca00') in 0.108764 seconds 
  Import took 0.129044 seconds .

========================================================================
Received Import Request.
  Time since last request: 0.000348 seconds.
  path: Assets/Materials 1/grass.mat
  artifactKey: Guid(17d1ff89276a86648bfe5a82b46d5521) Importer(815301076,1909f56bfc062723c751e8b465ee728b)
Start importing Assets/Materials 1/grass.mat using Guid(17d1ff89276a86648bfe5a82b46d5521) Importer(815301076,1909f56bfc062723c751e8b465ee728b)  -> (artifact id: 'e51a6b8ef91cb70c6f8964565dffb60b') in 0.087131 seconds 
  Import took 0.164584 seconds .

========================================================================
Received Import Request.
  Time since last request: 0.000348 seconds.
  path: Assets/Materials 1/New Material 1.mat
  artifactKey: Guid(dcd6980188d0f5848b15f99bc872c117) Importer(815301076,1909f56bfc062723c751e8b465ee728b)
Start importing Assets/Materials 1/New Material 1.mat using Guid(dcd6980188d0f5848b15f99bc872c117) Importer(815301076,1909f56bfc062723c751e8b465ee728b)  -> (artifact id: '764233a4832eaf101f3b6bad8f2bc1cd') in 0.077828 seconds 
  Import took 0.099660 seconds .

========================================================================
Received Import Request.
  Time since last request: 0.000313 seconds.
  path: Assets/Materials 1/Ocean.mat
  artifactKey: Guid(19acac7be1d13de4d914216c71f633bd) Importer(815301076,1909f56bfc062723c751e8b465ee728b)
Start importing Assets/Materials 1/Ocean.mat using Guid(19acac7be1d13de4d914216c71f633bd) Importer(815301076,1909f56bfc062723c751e8b465ee728b)  -> (artifact id: 'bb9a5d8bf814accbfb478288c635cf79') in 0.324046 seconds 
  Import took 0.402905 seconds .

========================================================================
Received Import Request.
  Time since last request: 0.000395 seconds.
  path: Assets/SimpleNaturePack/SimpleNaturePack_LWRP_2018.4_v1.22.unitypackage
  artifactKey: Guid(8851c5995be5f704babebf752d60b4e2) Importer(815301076,1909f56bfc062723c751e8b465ee728b)
Start importing Assets/SimpleNaturePack/SimpleNaturePack_LWRP_2018.4_v1.22.unitypackage using Guid(8851c5995be5f704babebf752d60b4e2) Importer(815301076,1909f56bfc062723c751e8b465ee728b)  -> (artifact id: 'd13e18b2507aa8c8eae0020097395e30') in 0.052675 seconds 
  Import took 0.124832 seconds .

========================================================================
Received Import Request.
  Time since last request: 0.000374 seconds.
  path: Assets/Materials 1/New Material.mat
  artifactKey: Guid(8ea988cae8d01b34a97fb54d8b917750) Importer(815301076,1909f56bfc062723c751e8b465ee728b)
Start importing Assets/Materials 1/New Material.mat using Guid(8ea988cae8d01b34a97fb54d8b917750) Importer(815301076,1909f56bfc062723c751e8b465ee728b)  -> (artifact id: '4c8b60f60f476d9e0927cc5d19f22be0') in 0.160481 seconds 
  Import took 0.224240 seconds .

AssetImportWorkerClient::OnTransportError - code=2 error=End of file
